<?xml version="1.0" encoding="UTF-8"?>
<!-- Generated by org.testng.reporters.JUnitReportReporter -->
<testsuite skipped="0" hostname="LAPTOP-GME99JJS" name="com.webtest.demo.Demo" tests="1" failures="0" timestamp="2019-11-15T10:28:31 CST" time="0.010" errors="0">
  <testcase name="test1" time="0.010" classname="com.webtest.demo.Demo"/>
</testsuite> <!-- com.webtest.demo.Demo -->
